<?xml version="1.0" encoding="UTF-8"?>
<coverage generated="1662270732905" clover="3.2.0">
  <project timestamp="1662270732905" name="All files">
    <metrics statements="38" coveredstatements="17" conditionals="37" coveredconditionals="10" methods="7" coveredmethods="1" elements="82" coveredelements="28" complexity="0" loc="38" ncloc="38" packages="1" files="2" classes="2"/>
    <file name="getMonthText.ts" path="/Users/hieudong/playground/omni-channel/app/libs/date/getMonthText.ts">
      <metrics statements="4" coveredstatements="3" conditionals="2" coveredconditionals="0" methods="1" coveredmethods="0"/>
      <line num="1" count="1" type="stmt"/>
      <line num="18" count="1" type="stmt"/>
      <line num="35" count="1" type="stmt"/>
      <line num="36" count="0" type="cond" truecount="0" falsecount="2"/>
    </file>
    <file name="index.ts" path="/Users/hieudong/playground/omni-channel/app/libs/date/index.ts">
      <metrics statements="34" coveredstatements="14" conditionals="35" coveredconditionals="10" methods="6" coveredmethods="1"/>
      <line num="1" count="1" type="stmt"/>
      <line num="4" count="0" type="stmt"/>
      <line num="6" count="1" type="stmt"/>
      <line num="7" count="0" type="cond" truecount="0" falsecount="2"/>
      <line num="10" count="1" type="stmt"/>
      <line num="11" count="0" type="cond" truecount="0" falsecount="3"/>
      <line num="13" count="1" type="stmt"/>
      <line num="14" count="0" type="cond" truecount="0" falsecount="3"/>
      <line num="16" count="1" type="stmt"/>
      <line num="21" count="0" type="cond" truecount="0" falsecount="1"/>
      <line num="22" count="0" type="stmt"/>
      <line num="25" count="0" type="cond" truecount="0" falsecount="1"/>
      <line num="26" count="0" type="stmt"/>
      <line num="29" count="0" type="stmt"/>
      <line num="32" count="1" type="stmt"/>
      <line num="43" count="2" type="cond" truecount="0" falsecount="1"/>
      <line num="44" count="0" type="stmt"/>
      <line num="47" count="2" type="cond" truecount="2" falsecount="1"/>
      <line num="48" count="0" type="stmt"/>
      <line num="51" count="2" type="cond" truecount="1" falsecount="0"/>
      <line num="52" count="1" type="cond" truecount="1" falsecount="0"/>
      <line num="57" count="1" type="stmt"/>
      <line num="60" count="0" type="cond" truecount="0" falsecount="1"/>
      <line num="65" count="0" type="stmt"/>
      <line num="68" count="0" type="cond" truecount="0" falsecount="3"/>
      <line num="69" count="0" type="stmt"/>
      <line num="73" count="1" type="cond" truecount="1" falsecount="0"/>
      <line num="74" count="1" type="cond" truecount="1" falsecount="0"/>
      <line num="79" count="1" type="stmt"/>
      <line num="82" count="0" type="cond" truecount="0" falsecount="1"/>
      <line num="87" count="0" type="stmt"/>
      <line num="90" count="0" type="cond" truecount="0" falsecount="3"/>
      <line num="91" count="0" type="stmt"/>
      <line num="95" count="0" type="stmt"/>
    </file>
  </project>
</coverage>
